Project Information                                        c:\max\simulate.rpt

MAX+plus II Compiler Report File
Version 10.2 07/10/2002
Compiled: 06/07/2017 23:58:22

Copyright (C) 1988-2002 Altera Corporation
Any megafunction design, and related net list (encrypted or decrypted),
support information, device programming or simulation file, and any other
associated documentation or information provided by Altera or a partner
under Altera's Megafunction Partnership Program may be used only to
program PLD devices (but not masked PLD devices) from Altera.  Any other
use of such megafunction design, net list, support information, device
programming or simulation file, or any other related documentation or
information is prohibited for any other purpose, including, but not
limited to modification, reverse engineering, de-compiling, or use with
any other silicon devices, unless such use is explicitly licensed under
a separate agreement with Altera or a megafunction partner.  Title to
the intellectual property, including patents, copyrights, trademarks,
trade secrets, or maskworks, embodied in any such megafunction design,
net list, support information, device programming or simulation file, or
any other related documentation or information provided by Altera or a
megafunction partner, remains with Altera, the megafunction partner, or
their respective licensors.  No other licenses, including any licenses
needed under any third party's intellectual property, are provided herein.



***** Project compilation was successful




** DEVICE SUMMARY **

Chip/                     Input   Output   Bidir         Shareable
POF       Device          Pins    Pins     Pins     LCs  Expanders  % Utilized

simulate  EPM7032LC44-6    5        8        0      12      0           37 %

User Pins:                 5        8        0  



Project Information                                        c:\max\simulate.rpt

** AUTO GLOBAL SIGNALS **



INFO: Signal 'clock' chosen for auto global Clock


Project Information                                        c:\max\simulate.rpt

** FILE HIERARCHY **



|enabledecoder:12|
|enabledecoder:10|
|jkasi:51|
|df:52|
|df:52|enabledecoder:9|


Device-Specific Information:                               c:\max\simulate.rpt
simulate

***** Logic for device 'simulate' compiled without errors.




Device: EPM7032LC44-6

Device Options:
    Turbo Bit                                    = ON
    Security Bit                                 = OFF

                a                                
                s                                
                s                          R     
                i                          E     
                g  s                       S     
                n  e  t              c     E     
                m  c  h              l     R     
                e  o  i  V  G  G  G  o  G  V     
                n  n  r  C  N  N  N  c  N  E  F  
                t  d  d  C  D  D  D  k  D  D  1  
              -----------------------------------_ 
            /   6  5  4  3  2  1 44 43 42 41 40   | 
     first |  7                                39 | F0 
  RESERVED |  8                                38 | F2 
  RESERVED |  9                                37 | RESERVED 
       GND | 10                                36 | RESERVED 
  RESERVED | 11                                35 | VCC 
  RESERVED | 12         EPM7032LC44-6          34 | RESERVED 
  RESERVED | 13                                33 | A 
  RESERVED | 14                                32 | C1 
       VCC | 15                                31 | C 
  RESERVED | 16                                30 | GND 
  RESERVED | 17                                29 | B 
           |_  18 19 20 21 22 23 24 25 26 27 28  _| 
             ------------------------------------ 
                R  R  R  R  G  V  R  R  R  R  B  
                E  E  E  E  N  C  E  E  E  E  1  
                S  S  S  S  D  C  S  S  S  S     
                E  E  E  E        E  E  E  E     
                R  R  R  R        R  R  R  R     
                V  V  V  V        V  V  V  V     
                E  E  E  E        E  E  E  E     
                D  D  D  D        D  D  D  D     
                                                 
                                                 


N.C. = No Connect. This pin has no internal connection to the device.
VCC = Dedicated power pin, which MUST be connected to VCC.
GND = Dedicated ground pin or unused dedicated input, which MUST be connected to GND.
RESERVED = Unused I/O pin, which MUST be left unconnected.



Device-Specific Information:                               c:\max\simulate.rpt
simulate

** RESOURCE USAGE **

                                                Shareable     External
Logic Array Block     Logic Cells   I/O Pins    Expanders   Interconnect

A:     LC1 - LC16     0/16(  0%)   4/16( 25%)   0/16(  0%)   0/36(  0%) 
B:    LC17 - LC32    12/16( 75%)   8/16( 50%)   0/16(  0%)   8/36( 22%) 


Total dedicated input pins used:                 1/4      ( 25%)
Total I/O pins used:                            12/32     ( 37%)
Total logic cells used:                         12/32     ( 37%)
Total shareable expanders used:                  0/32     (  0%)
Total Turbo logic cells used:                   12/32     ( 37%)
Total shareable expanders not available (n/a):   0/32     (  0%)
Average fan-in:                                  4.08
Total fan-in:                                    49

Total input pins required:                       5
Total output pins required:                      8
Total bidirectional pins required:               0
Total logic cells required:                     12
Total flipflops required:                        4
Total product terms required:                   16
Total logic cells lending parallel expanders:    0
Total shareable expanders in database:           0

Synthesized logic cells:                         0/  32   (  0%)



Device-Specific Information:                               c:\max\simulate.rpt
simulate

** INPUTS **

                                         Shareable
                                         Expanders     Fan-In    Fan-Out
 Pin     LC  LAB  Primitive    Code   Total Shared n/a INP  FBK  OUT  FBK  Name
   6    (3)  (A)      INPUT               0      0   0    0    0    3    0  assignment
  43      -   -       INPUT  G            0      0   0    0    0    0    0  clock
   7    (4)  (A)      INPUT               0      0   0    0    0    8    4  first
   5    (2)  (A)      INPUT               0      0   0    0    0    8    4  second
   4    (1)  (A)      INPUT               0      0   0    0    0    4    0  third


Code:

s = Synthesized pin or logic cell
t = Turbo logic cell
+ = Synchronous flipflop
! = NOT gate push-back
r = Fitter-inserted logic cell
G = Global Source. Fan-out destinations counted here do not include destinations
that are driven using global routing resources. Refer to the Auto Global Signals,
Clock Signals, Clear Signals, Synchronous Load Signals, and Synchronous Clear Signals
Sections of this Report File for information on which signals' fan-outs are used as
Clock, Clear, Preset, Output Enable, and synchronous Load signals.


Device-Specific Information:                               c:\max\simulate.rpt
simulate

** OUTPUTS **

                                         Shareable
                                         Expanders     Fan-In    Fan-Out
 Pin     LC  LAB  Primitive    Code   Total Shared n/a INP  FBK  OUT  FBK  Name
  33     24    B     OUTPUT      t        0      0   0    2    2    0    0  A
  29     27    B     OUTPUT      t        0      0   0    3    0    0    0  B
  28     28    B     OUTPUT      t        0      0   0    3    0    0    0  B1
  31     26    B     OUTPUT      t        0      0   0    3    0    0    0  C
  32     25    B     OUTPUT      t        0      0   0    3    0    0    0  C1
  39     19    B     OUTPUT      t        0      0   0    3    2    0    0  F0
  40     18    B     OUTPUT      t        0      0   0    3    1    0    0  F1
  38     20    B     OUTPUT      t        0      0   0    3    2    0    0  F2


Code:

s = Synthesized pin or logic cell
t = Turbo logic cell
+ = Synchronous flipflop
! = NOT gate push-back
r = Fitter-inserted logic cell


Device-Specific Information:                               c:\max\simulate.rpt
simulate

** BURIED LOGIC **

                                         Shareable
                                         Expanders     Fan-In    Fan-Out
 Pin     LC  LAB  Primitive    Code   Total Shared n/a INP  FBK  OUT  FBK  Name
 (34)    23    B       DFFE   +  t        0      0   0    2    2    2    1  |df:52|:2
 (41)    17    B       DFFE   +  t        0      0   0    2    1    3    2  |df:52|:3
 (37)    21    B       TFFE   +  t        0      0   0    2    2    1    2  |jkasi:51|:2
 (36)    22    B       TFFE   +  t        0      0   0    2    2    1    2  |jkasi:51|:3


Code:

s = Synthesized pin or logic cell
t = Turbo logic cell
+ = Synchronous flipflop
! = NOT gate push-back
r = Fitter-inserted logic cell


Device-Specific Information:                               c:\max\simulate.rpt
simulate

** LOGIC CELL INTERCONNECTIONS **

Logic Array Block 'B':

                                 Logic cells placed in LAB 'B'
        +----------------------- LC24 A
        | +--------------------- LC27 B
        | | +------------------- LC28 B1
        | | | +----------------- LC26 C
        | | | | +--------------- LC25 C1
        | | | | | +------------- LC23 |df:52|:2
        | | | | | | +----------- LC17 |df:52|:3
        | | | | | | | +--------- LC19 F0
        | | | | | | | | +------- LC18 F1
        | | | | | | | | | +----- LC20 F2
        | | | | | | | | | | +--- LC21 |jkasi:51|:2
        | | | | | | | | | | | +- LC22 |jkasi:51|:3
        | | | | | | | | | | | | 
        | | | | | | | | | | | |   Other LABs fed by signals
        | | | | | | | | | | | |   that feed LAB 'B'
LC      | | | | | | | | | | | | | A B |     Logic cells that feed LAB 'B':
LC23 -> - - - - - * - * - * - - | - * | <-- |df:52|:2
LC17 -> - - - - - * * * * * - - | - * | <-- |df:52|:3
LC21 -> * - - - - - - - - - * * | - * | <-- |jkasi:51|:2
LC22 -> * - - - - - - - - - * * | - * | <-- |jkasi:51|:3

Pin
6    -> - - - - - - - * * * - - | - * | <-- assignment
43   -> - - - - - - - - - - - - | - - | <-- clock
7    -> * * * * * * * * * * * * | - * | <-- first
5    -> * * * * * * * * * * * * | - * | <-- second
4    -> - * * * * - - - - - - - | - * | <-- third


* = The logic cell or pin is an input to the logic cell (or LAB) through the PIA.
- = The logic cell or pin is not an input to the logic cell (or LAB).


Device-Specific Information:                               c:\max\simulate.rpt
simulate

** EQUATIONS **

assignment : INPUT;
clock    : INPUT;
first    : INPUT;
second   : INPUT;
third    : INPUT;

-- Node name is 'A' 
-- Equation name is 'A', location is LC024, type is output.
 A       = LCELL( _EQ001 $  GND);
  _EQ001 =  first & !_LC021 &  _LC022 &  second;

-- Node name is 'B' 
-- Equation name is 'B', location is LC027, type is output.
 B       = LCELL( _EQ002 $  GND);
  _EQ002 =  first & !second & !third;

-- Node name is 'B1' 
-- Equation name is 'B1', location is LC028, type is output.
 B1      = LCELL( _EQ003 $  GND);
  _EQ003 =  first & !second &  third;

-- Node name is 'C' 
-- Equation name is 'C', location is LC026, type is output.
 C       = LCELL( _EQ004 $  GND);
  _EQ004 = !first &  second & !third;

-- Node name is 'C1' 
-- Equation name is 'C1', location is LC025, type is output.
 C1      = LCELL( _EQ005 $  GND);
  _EQ005 = !first &  second &  third;

-- Node name is 'F0' 
-- Equation name is 'F0', location is LC019, type is output.
 F0      = LCELL( _EQ006 $ !assignment);
  _EQ006 = !assignment & !first &  _LC017 & !_LC023 & !second
         # !assignment & !first & !_LC017 & !second;

-- Node name is 'F1' 
-- Equation name is 'F1', location is LC018, type is output.
 F1      = LCELL( _EQ007 $  GND);
  _EQ007 = !assignment & !first & !_LC017 & !second;

-- Node name is 'F2' 
-- Equation name is 'F2', location is LC020, type is output.
 F2      = LCELL( _EQ008 $  GND);
  _EQ008 = !assignment & !first &  _LC017 & !_LC023 & !second;

-- Node name is '|df:52|:2' 
-- Equation name is '_LC023', type is buried 
_LC023   = DFFE( _EQ009 $  GND, GLOBAL( clock),  VCC,  VCC,  VCC);
  _EQ009 = !first &  _LC017 & !_LC023 & !second;

-- Node name is '|df:52|:3' 
-- Equation name is '_LC017', type is buried 
_LC017   = DFFE( _EQ010 $  GND, GLOBAL( clock),  VCC,  VCC,  VCC);
  _EQ010 = !first & !_LC017 & !second;

-- Node name is '|jkasi:51|:2' 
-- Equation name is '_LC021', type is buried 
_LC021   = TFFE( _EQ011, GLOBAL( clock),  VCC,  VCC,  VCC);
  _EQ011 =  first & !_LC021 &  _LC022 &  second
         #  _LC021 & !_LC022;

-- Node name is '|jkasi:51|:3' 
-- Equation name is '_LC022', type is buried 
_LC022   = TFFE( _EQ012, GLOBAL( clock),  VCC,  VCC,  VCC);
  _EQ012 =  first & !_LC022 &  second
         # !_LC021 &  _LC022;



--     Shareable expanders that are duplicated in multiple LABs:
--     (none)




Project Information                                        c:\max\simulate.rpt

** COMPILATION SETTINGS & TIMES **

Processing Menu Commands
------------------------

Design Doctor                             = off

Logic Synthesis:

   Synthesis Type Used                    = Standard

   Default Synthesis Style                = NORMAL

      Logic option settings in 'NORMAL' style for 'MAX7000' family

      DECOMPOSE_GATES                     = on
      DUPLICATE_LOGIC_EXTRACTION          = on
      MINIMIZATION                        = full
      MULTI_LEVEL_FACTORING               = on
      NOT_GATE_PUSH_BACK                  = on
      PARALLEL_EXPANDERS                  = off
      REDUCE_LOGIC                        = on
      REFACTORIZATION                     = on
      REGISTER_OPTIMIZATION               = on
      RESYNTHESIZE_NETWORK                = on
      SLOW_SLEW_RATE                      = off
      SOFT_BUFFER_INSERTION               = on
      SUBFACTOR_EXTRACTION                = on
      TURBO_BIT                           = on
      XOR_SYNTHESIS                       = on
      IGNORE_SOFT_BUFFERS                 = off
      USE_LPM_FOR_AHDL_OPERATORS          = off

   Other logic synthesis settings:

      Automatic Global Clock              = on
      Automatic Global Clear              = on
      Automatic Global Preset             = on
      Automatic Global Output Enable      = on
      Automatic Fast I/O                  = off
      Automatic Register Packing          = off
      Automatic Open-Drain Pins           = on
      Automatic Implement in EAB          = off
      One-Hot State Machine Encoding      = off
      Optimize                            = 5

Default Timing Specifications: None

Cut All Bidir Feedback Timing Paths       = on
Cut All Clear & Preset Timing Paths       = on

Ignore Timing Assignments                 = on

Functional SNF Extractor                  = off

Linked SNF Extractor                      = off
Timing SNF Extractor                      = on
Optimize Timing SNF                       = off
Generate AHDL TDO File                    = off
Fitter Settings                           = NORMAL
Smart Recompile                           = off
Total Recompile                           = off

Interfaces Menu Commands
------------------------

EDIF Netlist Writer                       = off
Verilog Netlist Writer                    = off
VHDL Netlist Writer                       = off

Compilation Times
-----------------

   Compiler Netlist Extractor             00:00:00
   Database Builder                       00:00:00
   Logic Synthesizer                      00:00:00
   Partitioner                            00:00:00
   Fitter                                 00:00:00
   Timing SNF Extractor                   00:00:00
   Assembler                              00:00:00
   --------------------------             --------
   Total Time                             00:00:00


Memory Allocated
-----------------

Peak memory allocated during compilation  = 3,116K
